#
# A fatal error has been detected by the Java Runtime Environment:
#
#  EXCEPTION_ACCESS_VIOLATION (0xc0000005) at pc=0x00000000033653c0, pid=15720, tid=0x0000000000001edc
#
# JRE version: OpenJDK Runtime Environment (8.0_152-b01) (build 1.8.0_152-release-915-b01)
# Java VM: OpenJDK 64-Bit Server VM (25.152-b01 mixed mode windows-amd64 compressed oops)
# Problematic frame:
# v  ~BufferBlob::vtable chunks
#
# Failed to write core dump. Minidumps are not enabled by default on client versions of Windows
#
# If you would like to submit a bug report, please visit:
#   http://bugreport.java.com/bugreport/crash.jsp
#

---------------  T H R E A D  ---------------

Current thread (0x000000001f2a2000):  JavaThread "Task worker for ':'" [_thread_in_Java, id=7900, stack(0x00000000726b0000,0x00000000727b0000)]

siginfo: ExceptionCode=0xc0000005, reading address 0x0000000400000050

Registers:
RAX=0x00000001001e9f38, RBX=0x0000000400000010, RCX=0x00000000007409d4, RDX=0x00000000a3615160
RSP=0x00000000727acdc8, RBP=0x00000000a3614d28, RSI=0x0000000011db0000, RDI=0x0000000011db0000
R8 =0x00000000e813f6c8, R9 =0x00000000a3614f68, R10=0x0000000100257030, R11=0x0000000000000278
R12=0x0000000000000000, R13=0x00000000e813a998, R14=0x0000000000000080, R15=0x000000001f2a2000
RIP=0x00000000033653c0, EFLAGS=0x0000000000010246

Top of Stack: (sp=0x00000000727acdc8)
0x00000000727acdc8:   0000000008385d5c a043a6a82004adf5
0x00000000727acdd8:   a38458e8a03eae20 00000000a01a8958
0x00000000727acde8:   0000060000000800 0000022200000fff
0x00000000727acdf8:   00000000a38458e8 00000000e813a988
0x00000000727ace08:   0000000100256fa8 359b2a2200000a22
0x00000000727ace18:   0000000000002888 00000001001e70b0
0x00000000727ace28:   00000000a11c4548 00000000a3614f38
0x00000000727ace38:   00000000a3614f38 00000000a3615100
0x00000000727ace48:   00000000a3615110 00000000e813f6c8
0x00000000727ace58:   00000000e813f6c8 0000000000000000
0x00000000727ace68:   00000000e813a3e8 00000000e813a790
0x00000000727ace78:   fc95488020004901 0000000000000000
0x00000000727ace88:   0000000006169634 00000001000acec8
0x00000000727ace98:   00000000e813a958 00000000fc952860
0x00000000727acea8:   00000000fc9527e0 000000002ad3d366
0x00000000727aceb8:   00000000fc954880 00000000e813a738 

Instructions: (pc=0x00000000033653c0)
0x00000000033653a0:   c3 74 15 48 85 db 0f 84 17 00 00 00 49 83 c3 10
0x00000000033653b0:   49 8b 1b 48 3b c3 75 eb 45 8b 5b 08 4b 8b 1c 1a
0x00000000033653c0:   ff 63 40 e9 d8 2b be ff 00 00 00 00 00 00 00 00
0x00000000033653d0:   00 00 00 00 00 00 00 00 00 00 00 00 00 00 00 00 


Register to memory mapping:

RAX=0x00000001001e9f38 is pointing into metadata
RBX=0x0000000400000010 is an unknown value
RCX=0x00000000007409d4 is an unknown value
RDX=
[error occurred during error reporting (printing register info), id 0xc0000005]

Stack: [0x00000000726b0000,0x00000000727b0000],  sp=0x00000000727acdc8,  free space=1011k
Native frames: (J=compiled Java code, j=interpreted, Vv=VM code, C=native code)
C  0x00000000033653c0


---------------  P R O C E S S  ---------------

Java Threads: ( => current thread )
  0x000000001a22c000 JavaThread "ForkJoinPool.commonPool-worker-4" daemon [_thread_blocked, id=14872, stack(0x0000000073ab0000,0x0000000073bb0000)]
  0x000000001a230000 JavaThread "ForkJoinPool.commonPool-worker-3" daemon [_thread_blocked, id=12852, stack(0x00000000739b0000,0x0000000073ab0000)]
  0x000000001a227800 JavaThread "ForkJoinPool.commonPool-worker-2" daemon [_thread_blocked, id=764, stack(0x00000000738b0000,0x00000000739b0000)]
  0x000000001a22e800 JavaThread "ForkJoinPool.commonPool-worker-1" daemon [_thread_blocked, id=14200, stack(0x00000000737b0000,0x00000000738b0000)]
  0x000000001a228800 JavaThread "Cache worker for Java compile cache (D:\GitHub\Checkman\RecurringWork\.gradle\4.1\javaCompile)" [_thread_blocked, id=11676, stack(0x00000000736b0000,0x00000000737b0000)]
  0x000000001f2a2800 JavaThread "Task worker for ':' Thread 3" [_thread_blocked, id=8996, stack(0x00000000728b0000,0x00000000729b0000)]
  0x000000001f2a0800 JavaThread "Task worker for ':' Thread 2" [_thread_blocked, id=14496, stack(0x00000000727b0000,0x00000000728b0000)]
=>0x000000001f2a2000 JavaThread "Task worker for ':'" [_thread_in_Java, id=7900, stack(0x00000000726b0000,0x00000000727b0000)]
  0x000000001d348000 JavaThread "Cache worker for task history cache (D:\GitHub\Checkman\RecurringWork\.gradle\4.1\taskHistory)" [_thread_blocked, id=8840, stack(0x00000000725b0000,0x00000000726b0000)]
  0x000000001d346800 JavaThread "Cache worker for file content cache (D:\GitHub\Checkman\RecurringWork\.gradle\4.1\fileContent)" [_thread_blocked, id=5972, stack(0x00000000724b0000,0x00000000725b0000)]
  0x000000001d34b800 JavaThread "build operations Thread 4" [_thread_blocked, id=8764, stack(0x00000000723b0000,0x00000000724b0000)]
  0x000000001d33f000 JavaThread "build operations Thread 3" [_thread_blocked, id=4160, stack(0x00000000722b0000,0x00000000723b0000)]
  0x000000001d345800 JavaThread "build operations Thread 2" [_thread_blocked, id=744, stack(0x00000000721b0000,0x00000000722b0000)]
  0x000000001d33e000 JavaThread "build operations" [_thread_blocked, id=14844, stack(0x00000000720b0000,0x00000000721b0000)]
  0x000000001d345000 JavaThread "Cache worker for Artifact transforms cache (C:\Users\szpt_user045\.gradle\caches\transforms-1)" [_thread_blocked, id=10512, stack(0x0000000071fb0000,0x00000000720b0000)]
  0x000000001d33d800 JavaThread "Cache worker for file hash cache (D:\GitHub\Checkman\RecurringWork\.gradle\4.1\fileHashes)" [_thread_blocked, id=7040, stack(0x0000000071eb0000,0x0000000071fb0000)]
  0x000000001d33c800 JavaThread "Stdin handler" [_thread_blocked, id=8048, stack(0x0000000071db0000,0x0000000071eb0000)]
  0x000000001d341000 JavaThread "Asynchronous log dispatcher for DefaultDaemonConnection: socket connection from /127.0.0.1:5517 to /127.0.0.1:6437" [_thread_blocked, id=12080, stack(0x0000000071cb0000,0x0000000071db0000)]
  0x000000001d340800 JavaThread "Cancel handler" [_thread_blocked, id=13756, stack(0x0000000071bb0000,0x0000000071cb0000)]
  0x000000001d342800 JavaThread "Handler for socket connection from /127.0.0.1:5517 to /127.0.0.1:6437" [_thread_in_native, id=12512, stack(0x0000000071ab0000,0x0000000071bb0000)]
  0x000000001a22b800 JavaThread "Daemon worker Thread 14" [_thread_blocked, id=14724, stack(0x00000000711b0000,0x00000000712b0000)]
  0x000000001a222800 JavaThread "Daemon Thread 14" [_thread_blocked, id=16176, stack(0x0000000070eb0000,0x0000000070fb0000)]
  0x000000001f29b000 JavaThread "Java2D Disposer" daemon [_thread_blocked, id=12952, stack(0x00000000246d0000,0x00000000247d0000)]
  0x000000001a221800 JavaThread "Memory manager" [_thread_blocked, id=10212, stack(0x00000000214d0000,0x00000000215d0000)]
  0x000000001a226000 JavaThread "pool-1-thread-1" [_thread_blocked, id=5444, stack(0x00000000211d0000,0x00000000212d0000)]
  0x0000000019784000 JavaThread "File lock request listener" [_thread_in_native, id=10360, stack(0x000000001c170000,0x000000001c270000)]
  0x0000000019da5000 JavaThread "Cache worker for file hash cache (C:\Users\szpt_user045\.gradle\caches\4.1\fileHashes)" [_thread_blocked, id=5448, stack(0x000000001c070000,0x000000001c170000)]
  0x0000000019bd4000 JavaThread "Daemon periodic checks" [_thread_blocked, id=14140, stack(0x000000001b770000,0x000000001b870000)]
  0x00000000195ce000 JavaThread "Incoming local TCP Connector on port 5517" [_thread_in_native, id=11512, stack(0x000000001a010000,0x000000001a110000)]
  0x0000000018228800 JavaThread "Service Thread" daemon [_thread_blocked, id=9284, stack(0x0000000018600000,0x0000000018700000)]
  0x0000000016889000 JavaThread "C1 CompilerThread2" daemon [_thread_blocked, id=16356, stack(0x0000000018100000,0x0000000018200000)]
  0x0000000016882800 JavaThread "C2 CompilerThread1" daemon [_thread_blocked, id=9892, stack(0x0000000018000000,0x0000000018100000)]
  0x000000001687f800 JavaThread "C2 CompilerThread0" daemon [_thread_blocked, id=14528, stack(0x0000000017f00000,0x0000000018000000)]
  0x000000001687e800 JavaThread "Attach Listener" daemon [_thread_blocked, id=6872, stack(0x0000000017e00000,0x0000000017f00000)]
  0x0000000016879800 JavaThread "Signal Dispatcher" daemon [_thread_blocked, id=10904, stack(0x0000000017d00000,0x0000000017e00000)]
  0x0000000002eec000 JavaThread "Finalizer" daemon [_thread_blocked, id=12196, stack(0x0000000017af0000,0x0000000017bf0000)]
  0x0000000002ee1000 JavaThread "Reference Handler" daemon [_thread_blocked, id=7704, stack(0x00000000179f0000,0x0000000017af0000)]
  0x000000000102e800 JavaThread "main" [_thread_blocked, id=8516, stack(0x0000000002cf0000,0x0000000002df0000)]

Other Threads:
  0x0000000016846800 VMThread [stack: 0x00000000178f0000,0x00000000179f0000] [id=5728]
  0x00000000168dd000 WatcherThread [stack: 0x0000000018700000,0x0000000018800000] [id=11424]

VM state:not at safepoint (normal execution)

VM Mutex/Monitor currently owned by a thread: None

Heap:
 PSYoungGen      total 458240K, used 204781K [0x00000000e0000000, 0x0000000100000000, 0x0000000100000000)
  eden space 401408K, 38% used [0x00000000e0000000,0x00000000e9592268,0x00000000f8800000)
  from space 56832K, 90% used [0x00000000fc600000,0x00000000ff8693b8,0x00000000ffd80000)
  to   space 61440K, 0% used [0x00000000f8800000,0x00000000f8800000,0x00000000fc400000)
 ParOldGen       total 274944K, used 124645K [0x00000000a0000000, 0x00000000b0c80000, 0x00000000e0000000)
  object space 274944K, 45% used [0x00000000a0000000,0x00000000a79b9778,0x00000000b0c80000)
 Metaspace       used 99246K, capacity 110440K, committed 110592K, reserved 1144832K
  class space    used 12658K, capacity 15316K, committed 15360K, reserved 1048576K

Card table byte_map: [0x00000000122b0000,0x00000000125c0000] byte_map_base: 0x0000000011db0000

Marking Bits: (ParMarkBitMap*) 0x0000000069103950
 Begin Bits: [0x0000000012bc0000, 0x00000000143c0000)
 End Bits:   [0x00000000143c0000, 0x0000000015bc0000)

Polling page: 0x0000000001010000

CodeCache: size=245760Kb used=87132Kb max_used=87254Kb free=158627Kb
 bounds [0x0000000002ef0000, 0x00000000084e0000, 0x0000000011ef0000]
 total_blobs=23858 nmethods=22865 adapters=903
 compilation: enabled

Compilation events (10 events):
Event: 3805.215 Thread 0x0000000016889000 nmethod 31005 0x0000000003dad190 code [0x0000000003dad300, 0x0000000003dad568]
Event: 3805.216 Thread 0x0000000016882800 nmethod 31006 0x0000000006bbb0d0 code [0x0000000006bbb220, 0x0000000006bbb318]
Event: 3805.240 Thread 0x0000000016889000 31007   !   3       java.lang.ProcessBuilder::start (303 bytes)
Event: 3805.244 Thread 0x0000000016889000 nmethod 31007 0x000000000849a9d0 code [0x000000000849ae60, 0x000000000849dad8]
Event: 3805.244 Thread 0x0000000016889000 31008       3       java.lang.ProcessEnvironment$EntryComparator::compare (13 bytes)
Event: 3805.244 Thread 0x0000000016889000 nmethod 31008 0x0000000007decad0 code [0x0000000007decca0, 0x0000000007ded548]
Event: 3805.245 Thread 0x0000000016889000 31009       3       java.lang.ProcessEnvironment$EntryComparator::compare (25 bytes)
Event: 3805.245 Thread 0x0000000016889000 nmethod 31009 0x0000000004d15f50 code [0x0000000004d16100, 0x0000000004d166c8]
Event: 3811.092 Thread 0x0000000016889000 31010       3       com.google.gson.internal.bind.CollectionTypeAdapterFactory$Adapter::write (58 bytes)
Event: 3811.092 Thread 0x0000000016889000 nmethod 31010 0x0000000006929dd0 code [0x0000000006929fc0, 0x000000000692a768]

GC Heap History (10 events):
Event: 2806.526 GC heap before
{Heap before GC invocations=52 (full 4):
 PSYoungGen      total 461824K, used 437184K [0x00000000e0000000, 0x0000000100000000, 0x0000000100000000)
  eden space 401920K, 100% used [0x00000000e0000000,0x00000000f8880000,0x00000000f8880000)
  from space 59904K, 58% used [0x00000000f8880000,0x00000000faaf03a0,0x00000000fc300000)
  to   space 58880K, 0% used [0x00000000fc680000,0x00000000fc680000,0x0000000100000000)
 ParOldGen       total 274944K, used 114472K [0x00000000a0000000, 0x00000000b0c80000, 0x00000000e0000000)
  object space 274944K, 41% used [0x00000000a0000000,0x00000000a6fca198,0x00000000b0c80000)
 Metaspace       used 95404K, capacity 105484K, committed 105728K, reserved 1140736K
  class space    used 11956K, capacity 14332K, committed 14336K, reserved 1048576K
Event: 2806.563 GC heap after
Heap after GC invocations=52 (full 4):
 PSYoungGen      total 462336K, used 41068K [0x00000000e0000000, 0x0000000100000000, 0x0000000100000000)
  eden space 403456K, 0% used [0x00000000e0000000,0x00000000e0000000,0x00000000f8a00000)
  from space 58880K, 69% used [0x00000000fc680000,0x00000000fee9b3e0,0x0000000100000000)
  to   space 60416K, 0% used [0x00000000f8a00000,0x00000000f8a00000,0x00000000fc500000)
 ParOldGen       total 274944K, used 114480K [0x00000000a0000000, 0x00000000b0c80000, 0x00000000e0000000)
  object space 274944K, 41% used [0x00000000a0000000,0x00000000a6fcc198,0x00000000b0c80000)
 Metaspace       used 95404K, capacity 105484K, committed 105728K, reserved 1140736K
  class space    used 11956K, capacity 14332K, committed 14336K, reserved 1048576K
}
Event: 3128.454 GC heap before
{Heap before GC invocations=53 (full 4):
 PSYoungGen      total 462336K, used 444524K [0x00000000e0000000, 0x0000000100000000, 0x0000000100000000)
  eden space 403456K, 100% used [0x00000000e0000000,0x00000000f8a00000,0x00000000f8a00000)
  from space 58880K, 69% used [0x00000000fc680000,0x00000000fee9b3e0,0x0000000100000000)
  to   space 60416K, 0% used [0x00000000f8a00000,0x00000000f8a00000,0x00000000fc500000)
 ParOldGen       total 274944K, used 114480K [0x00000000a0000000, 0x00000000b0c80000, 0x00000000e0000000)
  object space 274944K, 41% used [0x00000000a0000000,0x00000000a6fcc198,0x00000000b0c80000)
 Metaspace       used 95649K, capacity 105954K, committed 106112K, reserved 1140736K
  class space    used 11988K, capacity 14429K, committed 14464K, reserved 1048576K
Event: 3128.489 GC heap after
Heap after GC invocations=53 (full 4):
 PSYoungGen      total 463872K, used 35187K [0x00000000e0000000, 0x00000000ffe80000, 0x0000000100000000)
  eden space 403456K, 0% used [0x00000000e0000000,0x00000000e0000000,0x00000000f8a00000)
  from space 60416K, 58% used [0x00000000f8a00000,0x00000000fac5cd48,0x00000000fc500000)
  to   space 58880K, 0% used [0x00000000fc500000,0x00000000fc500000,0x00000000ffe80000)
 ParOldGen       total 274944K, used 114480K [0x00000000a0000000, 0x00000000b0c80000, 0x00000000e0000000)
  object space 274944K, 41% used [0x00000000a0000000,0x00000000a6fcc198,0x00000000b0c80000)
 Metaspace       used 95649K, capacity 105954K, committed 106112K, reserved 1140736K
  class space    used 11988K, capacity 14429K, committed 14464K, reserved 1048576K
}
Event: 3212.607 GC heap before
{Heap before GC invocations=54 (full 4):
 PSYoungGen      total 463872K, used 438643K [0x00000000e0000000, 0x00000000ffe80000, 0x0000000100000000)
  eden space 403456K, 100% used [0x00000000e0000000,0x00000000f8a00000,0x00000000f8a00000)
  from space 60416K, 58% used [0x00000000f8a00000,0x00000000fac5cd48,0x00000000fc500000)
  to   space 58880K, 0% used [0x00000000fc500000,0x00000000fc500000,0x00000000ffe80000)
 ParOldGen       total 274944K, used 114480K [0x00000000a0000000, 0x00000000b0c80000, 0x00000000e0000000)
  object space 274944K, 41% used [0x00000000a0000000,0x00000000a6fcc198,0x00000000b0c80000)
 Metaspace       used 96196K, capacity 106996K, committed 107136K, reserved 1142784K
  class space    used 12066K, capacity 14640K, committed 14720K, reserved 1048576K
Event: 3212.644 GC heap after
Heap after GC invocations=54 (full 4):
 PSYoungGen      total 462848K, used 37342K [0x00000000e0000000, 0x00000000ffd80000, 0x0000000100000000)
  eden space 404992K, 0% used [0x00000000e0000000,0x00000000e0000000,0x00000000f8b80000)
  from space 57856K, 64% used [0x00000000fc500000,0x00000000fe977a48,0x00000000ffd80000)
  to   space 58368K, 0% used [0x00000000f8b80000,0x00000000f8b80000,0x00000000fc480000)
 ParOldGen       total 274944K, used 114488K [0x00000000a0000000, 0x00000000b0c80000, 0x00000000e0000000)
  object space 274944K, 41% used [0x00000000a0000000,0x00000000a6fce198,0x00000000b0c80000)
 Metaspace       used 96196K, capacity 106996K, committed 107136K, reserved 1142784K
  class space    used 12066K, capacity 14640K, committed 14720K, reserved 1048576K
}
Event: 3798.011 GC heap before
{Heap before GC invocations=55 (full 4):
 PSYoungGen      total 462848K, used 442334K [0x00000000e0000000, 0x00000000ffd80000, 0x0000000100000000)
  eden space 404992K, 100% used [0x00000000e0000000,0x00000000f8b80000,0x00000000f8b80000)
  from space 57856K, 64% used [0x00000000fc500000,0x00000000fe977a48,0x00000000ffd80000)
  to   space 58368K, 0% used [0x00000000f8b80000,0x00000000f8b80000,0x00000000fc480000)
 ParOldGen       total 274944K, used 114488K [0x00000000a0000000, 0x00000000b0c80000, 0x00000000e0000000)
  object space 274944K, 41% used [0x00000000a0000000,0x00000000a6fce198,0x00000000b0c80000)
 Metaspace       used 96514K, capacity 107620K, committed 107776K, reserved 1142784K
  class space    used 12118K, capacity 14776K, committed 14848K, reserved 1048576K
Event: 3798.060 GC heap after
Heap after GC invocations=55 (full 4):
 PSYoungGen      total 463360K, used 34836K [0x00000000e0000000, 0x00000000ffd80000, 0x0000000100000000)
  eden space 404992K, 0% used [0x00000000e0000000,0x00000000e0000000,0x00000000f8b80000)
  from space 58368K, 59% used [0x00000000f8b80000,0x00000000fad85330,0x00000000fc480000)
  to   space 56832K, 0% used [0x00000000fc600000,0x00000000fc600000,0x00000000ffd80000)
 ParOldGen       total 274944K, used 117051K [0x00000000a0000000, 0x00000000b0c80000, 0x00000000e0000000)
  object space 274944K, 42% used [0x00000000a0000000,0x00000000a724eee0,0x00000000b0c80000)
 Metaspace       used 96514K, capacity 107620K, committed 107776K, reserved 1142784K
  class space    used 12118K, capacity 14776K, committed 14848K, reserved 1048576K
}
Event: 3803.521 GC heap before
{Heap before GC invocations=56 (full 4):
 PSYoungGen      total 463360K, used 439828K [0x00000000e0000000, 0x00000000ffd80000, 0x0000000100000000)
  eden space 404992K, 100% used [0x00000000e0000000,0x00000000f8b80000,0x00000000f8b80000)
  from space 58368K, 59% used [0x00000000f8b80000,0x00000000fad85330,0x00000000fc480000)
  to   space 56832K, 0% used [0x00000000fc600000,0x00000000fc600000,0x00000000ffd80000)
 ParOldGen       total 274944K, used 117051K [0x00000000a0000000, 0x00000000b0c80000, 0x00000000e0000000)
  object space 274944K, 42% used [0x00000000a0000000,0x00000000a724eee0,0x00000000b0c80000)
 Metaspace       used 97157K, capacity 108328K, committed 108672K, reserved 1142784K
  class space    used 12197K, capacity 14882K, committed 14976K, reserved 1048576K
Event: 3803.609 GC heap after
Heap after GC invocations=56 (full 4):
 PSYoungGen      total 458240K, used 51620K [0x00000000e0000000, 0x0000000100000000, 0x0000000100000000)
  eden space 401408K, 0% used [0x00000000e0000000,0x00000000e0000000,0x00000000f8800000)
  from space 56832K, 90% used [0x00000000fc600000,0x00000000ff8693b8,0x00000000ffd80000)
  to   space 61440K, 0% used [0x00000000f8800000,0x00000000f8800000,0x00000000fc400000)
 ParOldGen       total 274944K, used 124645K [0x00000000a0000000, 0x00000000b0c80000, 0x00000000e0000000)
  object space 274944K, 45% used [0x00000000a0000000,0x00000000a79b9778,0x00000000b0c80000)
 Metaspace       used 97157K, capacity 108328K, committed 108672K, reserved 1142784K
  class space    used 12197K, capacity 14882K, committed 14976K, reserved 1048576K
}

Deoptimization events (10 events):
Event: 3805.169 Thread 0x000000001a22e800 Uncommon trap: reason=predicate action=maybe_recompile pc=0x000000000762716c method=org.gradle.util.GUtil.addToCollection(Ljava/util/Collection;Z[Ljava/lang/Iterable;)Ljava/util/Collection; @ 41
Event: 3805.245 Thread 0x000000001f29d800 Uncommon trap: reason=bimorphic action=maybe_recompile pc=0x000000000623e5f4 method=org.gradle.internal.event.ListenerBroadcast.dispatch(Lorg/gradle/internal/dispatch/MethodInvocation;)V @ 5
Event: 3805.279 Thread 0x000000001f2a3800 Uncommon trap: reason=bimorphic action=maybe_recompile pc=0x000000000623e5f4 method=org.gradle.internal.event.ListenerBroadcast.dispatch(Lorg/gradle/internal/dispatch/MethodInvocation;)V @ 5
Event: 3805.310 Thread 0x000000001f29e000 Uncommon trap: reason=bimorphic action=maybe_recompile pc=0x000000000623e5f4 method=org.gradle.internal.event.ListenerBroadcast.dispatch(Lorg/gradle/internal/dispatch/MethodInvocation;)V @ 5
Event: 3805.405 Thread 0x000000001a229000 Uncommon trap: reason=bimorphic action=maybe_recompile pc=0x000000000623e5f4 method=org.gradle.internal.event.ListenerBroadcast.dispatch(Lorg/gradle/internal/dispatch/MethodInvocation;)V @ 5
Event: 3809.435 Thread 0x000000001f2a3800 Uncommon trap: reason=bimorphic action=maybe_recompile pc=0x0000000007a51234 method=java.util.concurrent.CopyOnWriteArrayList.indexOf(Ljava/lang/Object;[Ljava/lang/Object;II)I @ 46
Event: 3809.438 Thread 0x000000001f2a3800 Uncommon trap: reason=bimorphic action=maybe_recompile pc=0x0000000005bd9170 method=org.gradle.internal.event.ListenerBroadcast.dispatch(Lorg/gradle/internal/dispatch/MethodInvocation;)V @ 5
Event: 3809.596 Thread 0x000000001a229000 Uncommon trap: reason=bimorphic action=maybe_recompile pc=0x0000000007a51234 method=java.util.concurrent.CopyOnWriteArrayList.indexOf(Ljava/lang/Object;[Ljava/lang/Object;II)I @ 46
Event: 3809.601 Thread 0x000000001f29e000 Uncommon trap: reason=bimorphic action=maybe_recompile pc=0x0000000007a51234 method=java.util.concurrent.CopyOnWriteArrayList.indexOf(Ljava/lang/Object;[Ljava/lang/Object;II)I @ 46
Event: 3811.090 Thread 0x000000001f29d800 Uncommon trap: reason=bimorphic action=maybe_recompile pc=0x0000000007a51234 method=java.util.concurrent.CopyOnWriteArrayList.indexOf(Ljava/lang/Object;[Ljava/lang/Object;II)I @ 46

Classes redefined (0 events):
No events

Internal exceptions (10 events):
Event: 3805.129 Thread 0x000000001f2a2000 Exception <a 'sun/nio/fs/WindowsException'> (0x00000000e80bf948) thrown at [D:\src\AOSP-openjdk-cygwin\jdk8u\hotspot\src\share\vm\prims\jni.cpp, line 709]
Event: 3805.130 Thread 0x000000001f2a2000 Exception <a 'sun/nio/fs/WindowsException'> (0x00000000e80c01c8) thrown at [D:\src\AOSP-openjdk-cygwin\jdk8u\hotspot\src\share\vm\prims\jni.cpp, line 709]
Event: 3805.130 Thread 0x000000001a22e800 Exception <a 'sun/nio/fs/WindowsException'> (0x00000000e886aad8) thrown at [D:\src\AOSP-openjdk-cygwin\jdk8u\hotspot\src\share\vm\prims\jni.cpp, line 709]
Event: 3805.130 Thread 0x000000001f2a2000 Exception <a 'sun/nio/fs/WindowsException'> (0x00000000e80c1590) thrown at [D:\src\AOSP-openjdk-cygwin\jdk8u\hotspot\src\share\vm\prims\jni.cpp, line 709]
Event: 3805.130 Thread 0x000000001f2a2000 Exception <a 'sun/nio/fs/WindowsException'> (0x00000000e80c1e10) thrown at [D:\src\AOSP-openjdk-cygwin\jdk8u\hotspot\src\share\vm\prims\jni.cpp, line 709]
Event: 3805.130 Thread 0x000000001a22e800 Exception <a 'sun/nio/fs/WindowsException'> (0x00000000e886b358) thrown at [D:\src\AOSP-openjdk-cygwin\jdk8u\hotspot\src\share\vm\prims\jni.cpp, line 709]
Event: 3805.130 Thread 0x000000001f2a2000 Exception <a 'sun/nio/fs/WindowsException'> (0x00000000e80c31d8) thrown at [D:\src\AOSP-openjdk-cygwin\jdk8u\hotspot\src\share\vm\prims\jni.cpp, line 709]
Event: 3805.130 Thread 0x000000001f2a2000 Exception <a 'sun/nio/fs/WindowsException'> (0x00000000e80c3a58) thrown at [D:\src\AOSP-openjdk-cygwin\jdk8u\hotspot\src\share\vm\prims\jni.cpp, line 709]
Event: 3805.130 Thread 0x000000001a22e800 Exception <a 'sun/nio/fs/WindowsException'> (0x00000000e886bbd8) thrown at [D:\src\AOSP-openjdk-cygwin\jdk8u\hotspot\src\share\vm\prims\jni.cpp, line 709]
Event: 3809.630 Thread 0x000000001a226000 Exception <a 'sun/nio/fs/WindowsException'> (0x00000000e949aa78) thrown at [D:\src\AOSP-openjdk-cygwin\jdk8u\hotspot\src\share\vm\prims\jni.cpp, line 709]

Events (10 events):
Event: 3809.601 Thread 0x000000001f29e000 Thread exited: 0x000000001f29e000
Event: 3809.629 Executing VM operation: RevokeBias
Event: 3809.630 Executing VM operation: RevokeBias done
Event: 3811.090 Thread 0x000000001f2a6800 Thread exited: 0x000000001f2a6800
Event: 3811.090 Thread 0x000000001f2a7000 Thread exited: 0x000000001f2a7000
Event: 3811.090 Thread 0x000000001f29c800 Thread exited: 0x000000001f29c800
Event: 3811.090 Thread 0x000000001f29d800 Uncommon trap: trap_request=0xffffffc6 fr.pc=0x0000000007a51234
Event: 3811.090 Thread 0x000000001f29d800 DEOPT PACKING pc=0x0000000007a51234 sp=0x0000000073daea70
Event: 3811.090 Thread 0x000000001f29d800 DEOPT UNPACKING pc=0x0000000002f3556a sp=0x0000000073daea18 mode 2
Event: 3811.090 Thread 0x000000001f29d800 Thread exited: 0x000000001f29d800


Dynamic libraries:
0x00007ff69fe70000 - 0x00007ff69fea1000 	C:\Program Files\Android\Android Studio\jre\bin\java.exe
0x00007ff820800000 - 0x00007ff8209ed000 	C:\WINDOWS\SYSTEM32\ntdll.dll
0x00007ff820640000 - 0x00007ff8206f3000 	C:\WINDOWS\System32\KERNEL32.DLL
0x00007ff81d510000 - 0x00007ff81d7a3000 	C:\WINDOWS\System32\KERNELBASE.dll
0x00007ff81dc60000 - 0x00007ff81dd03000 	C:\WINDOWS\System32\ADVAPI32.dll
0x00007ff820270000 - 0x00007ff82030e000 	C:\WINDOWS\System32\msvcrt.dll
0x00007ff81e820000 - 0x00007ff81e8be000 	C:\WINDOWS\System32\sechost.dll
0x00007ff81e0d0000 - 0x00007ff81e1f2000 	C:\WINDOWS\System32\RPCRT4.dll
0x00007ff81df30000 - 0x00007ff81e0c7000 	C:\WINDOWS\System32\USER32.dll
0x00007ff81d7b0000 - 0x00007ff81d7d0000 	C:\WINDOWS\System32\win32u.dll
0x00007ff81e7f0000 - 0x00007ff81e819000 	C:\WINDOWS\System32\GDI32.dll
0x00007ff81cbd0000 - 0x00007ff81cd69000 	C:\WINDOWS\System32\gdi32full.dll
0x00007ff81d920000 - 0x00007ff81d9c0000 	C:\WINDOWS\System32\msvcp_win.dll
0x00007ff81d7d0000 - 0x00007ff81d8ca000 	C:\WINDOWS\System32\ucrtbase.dll
0x00007ff813250000 - 0x00007ff8134c9000 	C:\WINDOWS\WinSxS\amd64_microsoft.windows.common-controls_6595b64144ccf1df_6.0.17763.914_none_05b346b2072102f2\COMCTL32.dll
0x00007ff820310000 - 0x00007ff82063c000 	C:\WINDOWS\System32\combase.dll
0x00007ff81d9c0000 - 0x00007ff81da3e000 	C:\WINDOWS\System32\bcryptPrimitives.dll
0x00007ff81e980000 - 0x00007ff81e9ae000 	C:\WINDOWS\System32\IMM32.DLL
0x00000000695d0000 - 0x00000000696a2000 	C:\Program Files\Android\Android Studio\jre\jre\bin\msvcr100.dll
0x0000000068940000 - 0x000000006917e000 	C:\Program Files\Android\Android Studio\jre\jre\bin\server\jvm.dll
0x00007ff81e280000 - 0x00007ff81e288000 	C:\WINDOWS\System32\PSAPI.DLL
0x00007ff814c50000 - 0x00007ff814c5a000 	C:\WINDOWS\SYSTEM32\VERSION.dll
0x00007ff819360000 - 0x00007ff819384000 	C:\WINDOWS\SYSTEM32\WINMM.dll
0x00007ff80b4e0000 - 0x00007ff80b4e9000 	C:\WINDOWS\SYSTEM32\WSOCK32.dll
0x00007ff819330000 - 0x00007ff81935d000 	C:\WINDOWS\SYSTEM32\WINMMBASE.dll
0x00007ff81ff70000 - 0x00007ff81ffdd000 	C:\WINDOWS\System32\WS2_32.dll
0x00007ff81cd70000 - 0x00007ff81cdba000 	C:\WINDOWS\System32\cfgmgr32.dll
0x00007ff81c2b0000 - 0x00007ff81c2bf000 	C:\Program Files\Android\Android Studio\jre\jre\bin\verify.dll
0x00007ff813730000 - 0x00007ff813759000 	C:\Program Files\Android\Android Studio\jre\jre\bin\java.dll
0x00007ff8140d0000 - 0x00007ff8140e6000 	C:\Program Files\Android\Android Studio\jre\jre\bin\zip.dll
0x00007ff81e9b0000 - 0x00007ff81fea4000 	C:\WINDOWS\System32\SHELL32.dll
0x00007ff81de80000 - 0x00007ff81df28000 	C:\WINDOWS\System32\shcore.dll
0x00007ff81cdc0000 - 0x00007ff81d50d000 	C:\WINDOWS\System32\windows.storage.dll
0x00007ff81c890000 - 0x00007ff81c8b4000 	C:\WINDOWS\System32\profapi.dll
0x00007ff81c8e0000 - 0x00007ff81c93d000 	C:\WINDOWS\System32\powrprof.dll
0x00007ff81ff10000 - 0x00007ff81ff62000 	C:\WINDOWS\System32\shlwapi.dll
0x00007ff81c870000 - 0x00007ff81c881000 	C:\WINDOWS\System32\kernel.appcore.dll
0x00007ff81d8d0000 - 0x00007ff81d8e7000 	C:\WINDOWS\System32\cryptsp.dll
0x00007ff813680000 - 0x00007ff81369a000 	C:\Program Files\Android\Android Studio\jre\jre\bin\net.dll
0x00007ff81bcd0000 - 0x00007ff81bd37000 	C:\WINDOWS\system32\mswsock.dll
0x00007ff812410000 - 0x00007ff812421000 	C:\Program Files\Android\Android Studio\jre\jre\bin\nio.dll
0x00007ff810e60000 - 0x00007ff810e7e000 	C:\Users\szpt_user045\.gradle\native\25\windows-amd64\native-platform.dll
0x00007ff81c290000 - 0x00007ff81c29d000 	C:\Program Files\Android\Android Studio\jre\jre\bin\management.dll
0x00007ff81b7e0000 - 0x00007ff81b813000 	C:\WINDOWS\system32\rsaenh.dll
0x00007ff81d8f0000 - 0x00007ff81d916000 	C:\WINDOWS\System32\bcrypt.dll
0x00007ff81c7a0000 - 0x00007ff81c7c8000 	C:\WINDOWS\SYSTEM32\USERENV.dll
0x00007ff81be50000 - 0x00007ff81be5c000 	C:\WINDOWS\SYSTEM32\CRYPTBASE.dll
0x00007ff81b9e0000 - 0x00007ff81ba1d000 	C:\WINDOWS\SYSTEM32\IPHLPAPI.DLL
0x00007ff81dc50000 - 0x00007ff81dc58000 	C:\WINDOWS\System32\NSI.dll
0x00007ff814fa0000 - 0x00007ff814fb6000 	C:\WINDOWS\SYSTEM32\dhcpcsvc6.DLL
0x00007ff814f80000 - 0x00007ff814f9c000 	C:\WINDOWS\SYSTEM32\dhcpcsvc.DLL
0x00007ff81ba40000 - 0x00007ff81bb06000 	C:\WINDOWS\SYSTEM32\DNSAPI.dll
0x00007fffff460000 - 0x00007fffff5f5000 	C:\Program Files\Android\Android Studio\jre\jre\bin\awt.dll
0x00007ff820700000 - 0x00007ff8207c4000 	C:\WINDOWS\System32\OLEAUT32.dll
0x00007ff819390000 - 0x00007ff81994e000 	C:\WINDOWS\SYSTEM32\d2d1.dll
0x00007ff81a3e0000 - 0x00007ff81a46c000 	C:\WINDOWS\SYSTEM32\apphelp.dll
0x00007ff81a730000 - 0x00007ff81a75e000 	C:\WINDOWS\system32\DWMAPI.DLL
0x00007ff81c9f0000 - 0x00007ff81cbcb000 	C:\WINDOWS\System32\CRYPT32.dll
0x00007ff81c8c0000 - 0x00007ff81c8d2000 	C:\WINDOWS\System32\MSASN1.dll
0x00007ff81a530000 - 0x00007ff81a5cc000 	C:\WINDOWS\system32\uxtheme.dll
0x00007ff81c370000 - 0x00007ff81c3a1000 	C:\WINDOWS\SYSTEM32\ntmarta.dll
0x00007ff80ed20000 - 0x00007ff80ed44000 	C:\Program Files\Android\Android Studio\jre\jre\bin\sunec.dll
0x00007ff8127d0000 - 0x00007ff8127da000 	C:\Windows\System32\rasadhlp.dll
0x00007ff812e10000 - 0x00007ff812e89000 	C:\WINDOWS\System32\fwpuclnt.dll
0x00007ff813650000 - 0x00007ff81365b000 	C:\Program Files\Android\Android Studio\jre\jre\bin\sunmscapi.dll
0x00007ff81c3b0000 - 0x00007ff81c59d000 	C:\WINDOWS\SYSTEM32\dbghelp.dll

VM Arguments:
jvm_args: -Xmx1536m -Dfile.encoding=windows-1251 -Duser.country=RU -Duser.language=ru -Duser.variant 
java_command: org.gradle.launcher.daemon.bootstrap.GradleDaemon 4.1
java_class_path (initial): C:\Users\szpt_user045\.gradle\wrapper\dists\gradle-4.1-all\bzyivzo6n839fup2jbap0tjew\gradle-4.1\lib\gradle-launcher-4.1.jar
Launcher Type: SUN_STANDARD

Environment Variables:
PATH=C:\Program Files (x86)\Common Files\Oracle\Java\javapath;C:\WINDOWS\system32;C:\WINDOWS;C:\WINDOWS\System32\Wbem;C:\WINDOWS\System32\WindowsPowerShell\v1.0\;C:\Program Files (x86)\GtkSharp\2.12\bin;C:\PostgreSQL\pg10\bin;C:\Program Files\Git\cmd;C:\Program Files (x86)\Autodesk\Backburner\;C:\Program Files\Common Files\Autodesk Shared\;C:\Program Files (x86)\Microsoft Emulator Manager\1.0\;C:\Program Files\dotnet\;C:\WINDOWS\System32\OpenSSH\;C:\Program Files\PuTTY\;C:\Users\szpt_user045\AppData\Local\GitHubDesktop\bin;%USERPROFILE%\AppData\Local\Microsoft\WindowsApps;
USERNAME=szpt_user045
OS=Windows_NT
PROCESSOR_IDENTIFIER=Intel64 Family 6 Model 58 Stepping 9, GenuineIntel



---------------  S Y S T E M  ---------------

OS: Windows 10.0 , 64 bit Build 17763 (10.0.17763.475)

CPU:total 4 (initial active 4) (2 cores per cpu, 2 threads per core) family 6 model 58 stepping 9, cmov, cx8, fxsr, mmx, sse, sse2, sse3, ssse3, sse4.1, sse4.2, popcnt, avx, clmul, erms, ht, tsc, tscinvbit, tscinv

Memory: 4k page, physical 10356708k(3650500k free), swap 13483560k(3705548k free)

vm_info: OpenJDK 64-Bit Server VM (25.152-b01) for windows-amd64 JRE (1.8.0_152-release-915-b01), built by "builder" with MS VC++ 10.0 (VS2010)

time: Wed Jan 08 16:19:54 2020
elapsed time: 3811 seconds (0d 1h 3m 31s)

